c:\users\luke\onedrive\dokumente\unicadiz\semestre 1\inteligencia artificial\practica3\n-puzle\n-puzle\debug\vc142.pdb
c:\users\luke\onedrive\dokumente\unicadiz\semestre 1\inteligencia artificial\practica3\n-puzle\n-puzle\debug\vc142.idb
c:\users\luke\onedrive\dokumente\unicadiz\semestre 1\inteligencia artificial\practica3\n-puzle\n-puzle\debug\puzle.obj
c:\users\luke\onedrive\dokumente\unicadiz\semestre 1\inteligencia artificial\practica3\n-puzle\n-puzle\debug\listaia.obj
c:\users\luke\onedrive\dokumente\unicadiz\semestre 1\inteligencia artificial\practica3\n-puzle\n-puzle\debug\main.obj
c:\users\luke\onedrive\dokumente\unicadiz\semestre 1\inteligencia artificial\practica3\n-puzle\n-puzle\debug\busqueda.obj
c:\users\luke\onedrive\dokumente\unicadiz\semestre 1\inteligencia artificial\practica3\n-puzle\n-puzle\debug\busqueda.obj.enc
c:\users\luke\onedrive\dokumente\unicadiz\semestre 1\inteligencia artificial\practica3\n-puzle\n-puzle\debug\listaia.obj.enc
c:\users\luke\onedrive\dokumente\unicadiz\semestre 1\inteligencia artificial\practica3\n-puzle\n-puzle\debug\main.obj.enc
c:\users\luke\onedrive\dokumente\unicadiz\semestre 1\inteligencia artificial\practica3\n-puzle\debug\n-puzle.pdb
c:\users\luke\onedrive\dokumente\unicadiz\semestre 1\inteligencia artificial\practica3\n-puzle\n-puzle\debug\n-puzle.tlog\cl.command.1.tlog
c:\users\luke\onedrive\dokumente\unicadiz\semestre 1\inteligencia artificial\practica3\n-puzle\n-puzle\debug\n-puzle.tlog\cl.read.1.tlog
c:\users\luke\onedrive\dokumente\unicadiz\semestre 1\inteligencia artificial\practica3\n-puzle\n-puzle\debug\n-puzle.tlog\cl.write.1.tlog
c:\users\luke\onedrive\dokumente\unicadiz\semestre 1\inteligencia artificial\practica3\n-puzle\n-puzle\debug\n-puzle.tlog\link-cvtres.read.1.tlog
c:\users\luke\onedrive\dokumente\unicadiz\semestre 1\inteligencia artificial\practica3\n-puzle\n-puzle\debug\n-puzle.tlog\link-cvtres.write.1.tlog
c:\users\luke\onedrive\dokumente\unicadiz\semestre 1\inteligencia artificial\practica3\n-puzle\n-puzle\debug\n-puzle.tlog\link-rc.read.1.tlog
c:\users\luke\onedrive\dokumente\unicadiz\semestre 1\inteligencia artificial\practica3\n-puzle\n-puzle\debug\n-puzle.tlog\link-rc.write.1.tlog
c:\users\luke\onedrive\dokumente\unicadiz\semestre 1\inteligencia artificial\practica3\n-puzle\n-puzle\debug\n-puzle.tlog\link.18480-cvtres.read.1.tlog
c:\users\luke\onedrive\dokumente\unicadiz\semestre 1\inteligencia artificial\practica3\n-puzle\n-puzle\debug\n-puzle.tlog\link.18480-cvtres.write.1.tlog
c:\users\luke\onedrive\dokumente\unicadiz\semestre 1\inteligencia artificial\practica3\n-puzle\n-puzle\debug\n-puzle.tlog\link.18480-rc.read.1.tlog
c:\users\luke\onedrive\dokumente\unicadiz\semestre 1\inteligencia artificial\practica3\n-puzle\n-puzle\debug\n-puzle.tlog\link.18480-rc.write.1.tlog
c:\users\luke\onedrive\dokumente\unicadiz\semestre 1\inteligencia artificial\practica3\n-puzle\n-puzle\debug\n-puzle.tlog\link.18480.read.1.tlog
c:\users\luke\onedrive\dokumente\unicadiz\semestre 1\inteligencia artificial\practica3\n-puzle\n-puzle\debug\n-puzle.tlog\link.18480.write.1.tlog
c:\users\luke\onedrive\dokumente\unicadiz\semestre 1\inteligencia artificial\practica3\n-puzle\n-puzle\debug\n-puzle.tlog\link.command.1.tlog
c:\users\luke\onedrive\dokumente\unicadiz\semestre 1\inteligencia artificial\practica3\n-puzle\n-puzle\debug\n-puzle.tlog\link.read.1.tlog
c:\users\luke\onedrive\dokumente\unicadiz\semestre 1\inteligencia artificial\practica3\n-puzle\n-puzle\debug\n-puzle.tlog\link.write.1.tlog
